<?xml version="1.0" encoding="UTF-8"?>
<testsuite xmlns:xsi="http://www.w3.org/2001/XMLSchema-instance" xsi:noNamespaceSchemaLocation="https://maven.apache.org/surefire/maven-surefire-plugin/xsd/surefire-test-report-3.0.xsd" version="3.0" name="com.example.springapplication_demo_newman.ContractVerifierTest" time="0.683" tests="1" errors="0" skipped="0" failures="0">
  <properties>
    <property name="java.specification.version" value="20"/>
    <property name="sun.jnu.encoding" value="UTF-8"/>
    <property name="java.class.path" value="/Users/meselu/Documents/springapplication_demo_newman/target/test-classes:/Users/meselu/Documents/springapplication_demo_newman/target/classes:/Users/meselu/.m2/repository/org/springframework/boot/spring-boot-starter/3.1.2/spring-boot-starter-3.1.2.jar:/Users/meselu/.m2/repository/org/springframework/boot/spring-boot/3.1.2/spring-boot-3.1.2.jar:/Users/meselu/.m2/repository/org/springframework/spring-context/6.0.11/spring-context-6.0.11.jar:/Users/meselu/.m2/repository/org/springframework/boot/spring-boot-autoconfigure/3.1.2/spring-boot-autoconfigure-3.1.2.jar:/Users/meselu/.m2/repository/org/springframework/boot/spring-boot-starter-logging/3.1.2/spring-boot-starter-logging-3.1.2.jar:/Users/meselu/.m2/repository/ch/qos/logback/logback-classic/1.4.8/logback-classic-1.4.8.jar:/Users/meselu/.m2/repository/ch/qos/logback/logback-core/1.4.8/logback-core-1.4.8.jar:/Users/meselu/.m2/repository/org/apache/logging/log4j/log4j-to-slf4j/2.20.0/log4j-to-slf4j-2.20.0.jar:/Users/meselu/.m2/repository/org/apache/logging/log4j/log4j-api/2.20.0/log4j-api-2.20.0.jar:/Users/meselu/.m2/repository/org/slf4j/jul-to-slf4j/2.0.7/jul-to-slf4j-2.0.7.jar:/Users/meselu/.m2/repository/jakarta/annotation/jakarta.annotation-api/2.1.1/jakarta.annotation-api-2.1.1.jar:/Users/meselu/.m2/repository/org/springframework/spring-core/6.0.11/spring-core-6.0.11.jar:/Users/meselu/.m2/repository/org/springframework/spring-jcl/6.0.11/spring-jcl-6.0.11.jar:/Users/meselu/.m2/repository/org/yaml/snakeyaml/1.33/snakeyaml-1.33.jar:/Users/meselu/.m2/repository/org/springframework/cloud/spring-cloud-starter-contract-verifier/4.0.3/spring-cloud-starter-contract-verifier-4.0.3.jar:/Users/meselu/.m2/repository/org/springframework/cloud/spring-cloud-contract-verifier/4.0.3/spring-cloud-contract-verifier-4.0.3.jar:/Users/meselu/.m2/repository/org/springframework/cloud/spring-cloud-contract-spec/4.0.3/spring-cloud-contract-spec-4.0.3.jar:/Users/meselu/.m2/repository/org/springframework/cloud/spring-cloud-contract-spec-java/4.0.3/spring-cloud-contract-spec-java-4.0.3.jar:/Users/meselu/.m2/repository/dk/brics/automaton/1.12-4/automaton-1.12-4.jar:/Users/meselu/.m2/repository/org/springframework/cloud/spring-cloud-contract-spec-groovy/4.0.3/spring-cloud-contract-spec-groovy-4.0.3.jar:/Users/meselu/.m2/repository/org/springframework/cloud/spring-cloud-contract-shade/4.0.3/spring-cloud-contract-shade-4.0.3.jar:/Users/meselu/.m2/repository/com/fasterxml/jackson/core/jackson-databind/2.15.2/jackson-databind-2.15.2.jar:/Users/meselu/.m2/repository/com/fasterxml/jackson/core/jackson-annotations/2.15.2/jackson-annotations-2.15.2.jar:/Users/meselu/.m2/repository/com/fasterxml/jackson/core/jackson-core/2.15.2/jackson-core-2.15.2.jar:/Users/meselu/.m2/repository/org/apache/commons/commons-text/1.10.0/commons-text-1.10.0.jar:/Users/meselu/.m2/repository/org/apache/commons/commons-lang3/3.12.0/commons-lang3-3.12.0.jar:/Users/meselu/.m2/repository/javax/inject/javax.inject/1/javax.inject-1.jar:/Users/meselu/.m2/repository/com/github/tomakehurst/wiremock-jre8-standalone/2.35.0/wiremock-jre8-standalone-2.35.0.jar:/Users/meselu/.m2/repository/org/apache/maven/resolver/maven-resolver-api/1.4.1/maven-resolver-api-1.4.1.jar:/Users/meselu/.m2/repository/com/rackspace/eclipse/webtools/sourceediting/org.eclipse.wst.xml.xpath2.processor/2.1.100/org.eclipse.wst.xml.xpath2.processor-2.1.100.jar:/Users/meselu/.m2/repository/edu/princeton/cup/java-cup/10k/java-cup-10k.jar:/Users/meselu/.m2/repository/com/ibm/icu/icu4j/4.6/icu4j-4.6.jar:/Users/meselu/.m2/repository/org/apache/groovy/groovy/4.0.13/groovy-4.0.13.jar:/Users/meselu/.m2/repository/org/apache/groovy/groovy-nio/4.0.13/groovy-nio-4.0.13.jar:/Users/meselu/.m2/repository/org/apache/groovy/groovy-json/4.0.13/groovy-json-4.0.13.jar:/Users/meselu/.m2/repository/org/apache/groovy/groovy-xml/4.0.13/groovy-xml-4.0.13.jar:/Users/meselu/.m2/repository/com/github/jknack/handlebars/4.3.0/handlebars-4.3.0.jar:/Users/meselu/.m2/repository/commons-beanutils/commons-beanutils/1.9.4/commons-beanutils-1.9.4.jar:/Users/meselu/.m2/repository/commons-logging/commons-logging/1.2/commons-logging-1.2.jar:/Users/meselu/.m2/repository/commons-collections/commons-collections/3.2.2/commons-collections-3.2.2.jar:/Users/meselu/.m2/repository/com/fasterxml/jackson/dataformat/jackson-dataformat-yaml/2.15.2/jackson-dataformat-yaml-2.15.2.jar:/Users/meselu/.m2/repository/net/javacrumbs/json-unit/json-unit-assertj/2.32.0/json-unit-assertj-2.32.0.jar:/Users/meselu/.m2/repository/net/javacrumbs/json-unit/json-unit-core/2.32.0/json-unit-core-2.32.0.jar:/Users/meselu/.m2/repository/org/hamcrest/hamcrest-core/2.2/hamcrest-core-2.2.jar:/Users/meselu/.m2/repository/net/javacrumbs/json-unit/json-unit-json-path/2.32.0/json-unit-json-path-2.32.0.jar:/Users/meselu/.m2/repository/org/junit/jupiter/junit-jupiter-api/5.9.3/junit-jupiter-api-5.9.3.jar:/Users/meselu/.m2/repository/org/opentest4j/opentest4j/1.2.0/opentest4j-1.2.0.jar:/Users/meselu/.m2/repository/org/junit/platform/junit-platform-commons/1.9.3/junit-platform-commons-1.9.3.jar:/Users/meselu/.m2/repository/org/apiguardian/apiguardian-api/1.1.2/apiguardian-api-1.1.2.jar:/Users/meselu/.m2/repository/io/rest-assured/rest-assured/5.3.1/rest-assured-5.3.1.jar:/Users/meselu/.m2/repository/org/apache/httpcomponents/httpclient/4.5.13/httpclient-4.5.13.jar:/Users/meselu/.m2/repository/org/apache/httpcomponents/httpcore/4.4.16/httpcore-4.4.16.jar:/Users/meselu/.m2/repository/commons-codec/commons-codec/1.15/commons-codec-1.15.jar:/Users/meselu/.m2/repository/org/apache/httpcomponents/httpmime/4.5.13/httpmime-4.5.13.jar:/Users/meselu/.m2/repository/org/ccil/cowan/tagsoup/tagsoup/1.2.1/tagsoup-1.2.1.jar:/Users/meselu/.m2/repository/io/rest-assured/json-path/5.3.1/json-path-5.3.1.jar:/Users/meselu/.m2/repository/io/rest-assured/rest-assured-common/5.3.1/rest-assured-common-5.3.1.jar:/Users/meselu/.m2/repository/io/rest-assured/xml-path/5.3.1/xml-path-5.3.1.jar:/Users/meselu/.m2/repository/io/rest-assured/spring-mock-mvc/5.3.1/spring-mock-mvc-5.3.1.jar:/Users/meselu/.m2/repository/io/rest-assured/spring-commons/5.3.1/spring-commons-5.3.1.jar:/Users/meselu/.m2/repository/com/toomuchcoding/jsonassert/jsonassert/0.6.2/jsonassert-0.6.2.jar:/Users/meselu/.m2/repository/cglib/cglib/3.3.0/cglib-3.3.0.jar:/Users/meselu/.m2/repository/org/ow2/asm/asm/7.1/asm-7.1.jar:/Users/meselu/.m2/repository/org/springframework/boot/spring-boot-starter-test/3.1.2/spring-boot-starter-test-3.1.2.jar:/Users/meselu/.m2/repository/org/springframework/boot/spring-boot-test/3.1.2/spring-boot-test-3.1.2.jar:/Users/meselu/.m2/repository/org/springframework/boot/spring-boot-test-autoconfigure/3.1.2/spring-boot-test-autoconfigure-3.1.2.jar:/Users/meselu/.m2/repository/com/jayway/jsonpath/json-path/2.8.0/json-path-2.8.0.jar:/Users/meselu/.m2/repository/org/slf4j/slf4j-api/2.0.7/slf4j-api-2.0.7.jar:/Users/meselu/.m2/repository/jakarta/xml/bind/jakarta.xml.bind-api/4.0.0/jakarta.xml.bind-api-4.0.0.jar:/Users/meselu/.m2/repository/jakarta/activation/jakarta.activation-api/2.1.2/jakarta.activation-api-2.1.2.jar:/Users/meselu/.m2/repository/net/minidev/json-smart/2.4.11/json-smart-2.4.11.jar:/Users/meselu/.m2/repository/net/minidev/accessors-smart/2.4.11/accessors-smart-2.4.11.jar:/Users/meselu/.m2/repository/org/assertj/assertj-core/3.24.2/assertj-core-3.24.2.jar:/Users/meselu/.m2/repository/net/bytebuddy/byte-buddy/1.14.5/byte-buddy-1.14.5.jar:/Users/meselu/.m2/repository/org/hamcrest/hamcrest/2.2/hamcrest-2.2.jar:/Users/meselu/.m2/repository/org/junit/jupiter/junit-jupiter/5.9.3/junit-jupiter-5.9.3.jar:/Users/meselu/.m2/repository/org/junit/jupiter/junit-jupiter-params/5.9.3/junit-jupiter-params-5.9.3.jar:/Users/meselu/.m2/repository/org/junit/jupiter/junit-jupiter-engine/5.9.3/junit-jupiter-engine-5.9.3.jar:/Users/meselu/.m2/repository/org/junit/platform/junit-platform-engine/1.9.3/junit-platform-engine-1.9.3.jar:/Users/meselu/.m2/repository/org/mockito/mockito-core/5.3.1/mockito-core-5.3.1.jar:/Users/meselu/.m2/repository/net/bytebuddy/byte-buddy-agent/1.14.5/byte-buddy-agent-1.14.5.jar:/Users/meselu/.m2/repository/org/objenesis/objenesis/3.3/objenesis-3.3.jar:/Users/meselu/.m2/repository/org/mockito/mockito-junit-jupiter/5.3.1/mockito-junit-jupiter-5.3.1.jar:/Users/meselu/.m2/repository/org/skyscreamer/jsonassert/1.5.1/jsonassert-1.5.1.jar:/Users/meselu/.m2/repository/com/vaadin/external/google/android-json/0.0.20131108.vaadin1/android-json-0.0.20131108.vaadin1.jar:/Users/meselu/.m2/repository/org/springframework/spring-test/6.0.11/spring-test-6.0.11.jar:/Users/meselu/.m2/repository/org/xmlunit/xmlunit-core/2.9.1/xmlunit-core-2.9.1.jar:/Users/meselu/.m2/repository/org/springframework/boot/spring-boot-starter-web/3.1.2/spring-boot-starter-web-3.1.2.jar:/Users/meselu/.m2/repository/org/springframework/boot/spring-boot-starter-json/3.1.2/spring-boot-starter-json-3.1.2.jar:/Users/meselu/.m2/repository/com/fasterxml/jackson/datatype/jackson-datatype-jdk8/2.15.2/jackson-datatype-jdk8-2.15.2.jar:/Users/meselu/.m2/repository/com/fasterxml/jackson/datatype/jackson-datatype-jsr310/2.15.2/jackson-datatype-jsr310-2.15.2.jar:/Users/meselu/.m2/repository/com/fasterxml/jackson/module/jackson-module-parameter-names/2.15.2/jackson-module-parameter-names-2.15.2.jar:/Users/meselu/.m2/repository/org/springframework/boot/spring-boot-starter-tomcat/3.1.2/spring-boot-starter-tomcat-3.1.2.jar:/Users/meselu/.m2/repository/org/apache/tomcat/embed/tomcat-embed-core/10.1.11/tomcat-embed-core-10.1.11.jar:/Users/meselu/.m2/repository/org/apache/tomcat/embed/tomcat-embed-el/10.1.11/tomcat-embed-el-10.1.11.jar:/Users/meselu/.m2/repository/org/apache/tomcat/embed/tomcat-embed-websocket/10.1.11/tomcat-embed-websocket-10.1.11.jar:/Users/meselu/.m2/repository/org/springframework/spring-web/6.0.11/spring-web-6.0.11.jar:/Users/meselu/.m2/repository/org/springframework/spring-beans/6.0.11/spring-beans-6.0.11.jar:/Users/meselu/.m2/repository/io/micrometer/micrometer-observation/1.11.2/micrometer-observation-1.11.2.jar:/Users/meselu/.m2/repository/io/micrometer/micrometer-commons/1.11.2/micrometer-commons-1.11.2.jar:/Users/meselu/.m2/repository/org/springframework/spring-webmvc/6.0.11/spring-webmvc-6.0.11.jar:/Users/meselu/.m2/repository/org/springframework/spring-aop/6.0.11/spring-aop-6.0.11.jar:/Users/meselu/.m2/repository/org/springframework/spring-expression/6.0.11/spring-expression-6.0.11.jar:"/>
    <property name="java.vm.vendor" value="Homebrew"/>
    <property name="sun.arch.data.model" value="64"/>
    <property name="java.vendor.url" value="https://github.com/Homebrew/homebrew-core/issues"/>
    <property name="user.timezone" value="America/Chicago"/>
    <property name="os.name" value="Mac OS X"/>
    <property name="java.vm.specification.version" value="20"/>
    <property name="sun.java.launcher" value="SUN_STANDARD"/>
    <property name="user.country" value="US"/>
    <property name="sun.boot.library.path" value="/usr/local/Cellar/openjdk/20.0.1/libexec/openjdk.jdk/Contents/Home/lib"/>
    <property name="sun.java.command" value="/Users/meselu/Documents/springapplication_demo_newman/target/surefire/surefirebooter-20230818044042186_3.jar /Users/meselu/Documents/springapplication_demo_newman/target/surefire 2023-08-18T04-40-42_014-jvmRun1 surefire-20230818044042186_1tmp surefire_0-20230818044042186_2tmp"/>
    <property name="http.nonProxyHosts" value="local|*.local|169.254/16|*.169.254/16"/>
    <property name="jdk.debug" value="release"/>
    <property name="surefire.test.class.path" value="/Users/meselu/Documents/springapplication_demo_newman/target/test-classes:/Users/meselu/Documents/springapplication_demo_newman/target/classes:/Users/meselu/.m2/repository/org/springframework/boot/spring-boot-starter/3.1.2/spring-boot-starter-3.1.2.jar:/Users/meselu/.m2/repository/org/springframework/boot/spring-boot/3.1.2/spring-boot-3.1.2.jar:/Users/meselu/.m2/repository/org/springframework/spring-context/6.0.11/spring-context-6.0.11.jar:/Users/meselu/.m2/repository/org/springframework/boot/spring-boot-autoconfigure/3.1.2/spring-boot-autoconfigure-3.1.2.jar:/Users/meselu/.m2/repository/org/springframework/boot/spring-boot-starter-logging/3.1.2/spring-boot-starter-logging-3.1.2.jar:/Users/meselu/.m2/repository/ch/qos/logback/logback-classic/1.4.8/logback-classic-1.4.8.jar:/Users/meselu/.m2/repository/ch/qos/logback/logback-core/1.4.8/logback-core-1.4.8.jar:/Users/meselu/.m2/repository/org/apache/logging/log4j/log4j-to-slf4j/2.20.0/log4j-to-slf4j-2.20.0.jar:/Users/meselu/.m2/repository/org/apache/logging/log4j/log4j-api/2.20.0/log4j-api-2.20.0.jar:/Users/meselu/.m2/repository/org/slf4j/jul-to-slf4j/2.0.7/jul-to-slf4j-2.0.7.jar:/Users/meselu/.m2/repository/jakarta/annotation/jakarta.annotation-api/2.1.1/jakarta.annotation-api-2.1.1.jar:/Users/meselu/.m2/repository/org/springframework/spring-core/6.0.11/spring-core-6.0.11.jar:/Users/meselu/.m2/repository/org/springframework/spring-jcl/6.0.11/spring-jcl-6.0.11.jar:/Users/meselu/.m2/repository/org/yaml/snakeyaml/1.33/snakeyaml-1.33.jar:/Users/meselu/.m2/repository/org/springframework/cloud/spring-cloud-starter-contract-verifier/4.0.3/spring-cloud-starter-contract-verifier-4.0.3.jar:/Users/meselu/.m2/repository/org/springframework/cloud/spring-cloud-contract-verifier/4.0.3/spring-cloud-contract-verifier-4.0.3.jar:/Users/meselu/.m2/repository/org/springframework/cloud/spring-cloud-contract-spec/4.0.3/spring-cloud-contract-spec-4.0.3.jar:/Users/meselu/.m2/repository/org/springframework/cloud/spring-cloud-contract-spec-java/4.0.3/spring-cloud-contract-spec-java-4.0.3.jar:/Users/meselu/.m2/repository/dk/brics/automaton/1.12-4/automaton-1.12-4.jar:/Users/meselu/.m2/repository/org/springframework/cloud/spring-cloud-contract-spec-groovy/4.0.3/spring-cloud-contract-spec-groovy-4.0.3.jar:/Users/meselu/.m2/repository/org/springframework/cloud/spring-cloud-contract-shade/4.0.3/spring-cloud-contract-shade-4.0.3.jar:/Users/meselu/.m2/repository/com/fasterxml/jackson/core/jackson-databind/2.15.2/jackson-databind-2.15.2.jar:/Users/meselu/.m2/repository/com/fasterxml/jackson/core/jackson-annotations/2.15.2/jackson-annotations-2.15.2.jar:/Users/meselu/.m2/repository/com/fasterxml/jackson/core/jackson-core/2.15.2/jackson-core-2.15.2.jar:/Users/meselu/.m2/repository/org/apache/commons/commons-text/1.10.0/commons-text-1.10.0.jar:/Users/meselu/.m2/repository/org/apache/commons/commons-lang3/3.12.0/commons-lang3-3.12.0.jar:/Users/meselu/.m2/repository/javax/inject/javax.inject/1/javax.inject-1.jar:/Users/meselu/.m2/repository/com/github/tomakehurst/wiremock-jre8-standalone/2.35.0/wiremock-jre8-standalone-2.35.0.jar:/Users/meselu/.m2/repository/org/apache/maven/resolver/maven-resolver-api/1.4.1/maven-resolver-api-1.4.1.jar:/Users/meselu/.m2/repository/com/rackspace/eclipse/webtools/sourceediting/org.eclipse.wst.xml.xpath2.processor/2.1.100/org.eclipse.wst.xml.xpath2.processor-2.1.100.jar:/Users/meselu/.m2/repository/edu/princeton/cup/java-cup/10k/java-cup-10k.jar:/Users/meselu/.m2/repository/com/ibm/icu/icu4j/4.6/icu4j-4.6.jar:/Users/meselu/.m2/repository/org/apache/groovy/groovy/4.0.13/groovy-4.0.13.jar:/Users/meselu/.m2/repository/org/apache/groovy/groovy-nio/4.0.13/groovy-nio-4.0.13.jar:/Users/meselu/.m2/repository/org/apache/groovy/groovy-json/4.0.13/groovy-json-4.0.13.jar:/Users/meselu/.m2/repository/org/apache/groovy/groovy-xml/4.0.13/groovy-xml-4.0.13.jar:/Users/meselu/.m2/repository/com/github/jknack/handlebars/4.3.0/handlebars-4.3.0.jar:/Users/meselu/.m2/repository/commons-beanutils/commons-beanutils/1.9.4/commons-beanutils-1.9.4.jar:/Users/meselu/.m2/repository/commons-logging/commons-logging/1.2/commons-logging-1.2.jar:/Users/meselu/.m2/repository/commons-collections/commons-collections/3.2.2/commons-collections-3.2.2.jar:/Users/meselu/.m2/repository/com/fasterxml/jackson/dataformat/jackson-dataformat-yaml/2.15.2/jackson-dataformat-yaml-2.15.2.jar:/Users/meselu/.m2/repository/net/javacrumbs/json-unit/json-unit-assertj/2.32.0/json-unit-assertj-2.32.0.jar:/Users/meselu/.m2/repository/net/javacrumbs/json-unit/json-unit-core/2.32.0/json-unit-core-2.32.0.jar:/Users/meselu/.m2/repository/org/hamcrest/hamcrest-core/2.2/hamcrest-core-2.2.jar:/Users/meselu/.m2/repository/net/javacrumbs/json-unit/json-unit-json-path/2.32.0/json-unit-json-path-2.32.0.jar:/Users/meselu/.m2/repository/org/junit/jupiter/junit-jupiter-api/5.9.3/junit-jupiter-api-5.9.3.jar:/Users/meselu/.m2/repository/org/opentest4j/opentest4j/1.2.0/opentest4j-1.2.0.jar:/Users/meselu/.m2/repository/org/junit/platform/junit-platform-commons/1.9.3/junit-platform-commons-1.9.3.jar:/Users/meselu/.m2/repository/org/apiguardian/apiguardian-api/1.1.2/apiguardian-api-1.1.2.jar:/Users/meselu/.m2/repository/io/rest-assured/rest-assured/5.3.1/rest-assured-5.3.1.jar:/Users/meselu/.m2/repository/org/apache/httpcomponents/httpclient/4.5.13/httpclient-4.5.13.jar:/Users/meselu/.m2/repository/org/apache/httpcomponents/httpcore/4.4.16/httpcore-4.4.16.jar:/Users/meselu/.m2/repository/commons-codec/commons-codec/1.15/commons-codec-1.15.jar:/Users/meselu/.m2/repository/org/apache/httpcomponents/httpmime/4.5.13/httpmime-4.5.13.jar:/Users/meselu/.m2/repository/org/ccil/cowan/tagsoup/tagsoup/1.2.1/tagsoup-1.2.1.jar:/Users/meselu/.m2/repository/io/rest-assured/json-path/5.3.1/json-path-5.3.1.jar:/Users/meselu/.m2/repository/io/rest-assured/rest-assured-common/5.3.1/rest-assured-common-5.3.1.jar:/Users/meselu/.m2/repository/io/rest-assured/xml-path/5.3.1/xml-path-5.3.1.jar:/Users/meselu/.m2/repository/io/rest-assured/spring-mock-mvc/5.3.1/spring-mock-mvc-5.3.1.jar:/Users/meselu/.m2/repository/io/rest-assured/spring-commons/5.3.1/spring-commons-5.3.1.jar:/Users/meselu/.m2/repository/com/toomuchcoding/jsonassert/jsonassert/0.6.2/jsonassert-0.6.2.jar:/Users/meselu/.m2/repository/cglib/cglib/3.3.0/cglib-3.3.0.jar:/Users/meselu/.m2/repository/org/ow2/asm/asm/7.1/asm-7.1.jar:/Users/meselu/.m2/repository/org/springframework/boot/spring-boot-starter-test/3.1.2/spring-boot-starter-test-3.1.2.jar:/Users/meselu/.m2/repository/org/springframework/boot/spring-boot-test/3.1.2/spring-boot-test-3.1.2.jar:/Users/meselu/.m2/repository/org/springframework/boot/spring-boot-test-autoconfigure/3.1.2/spring-boot-test-autoconfigure-3.1.2.jar:/Users/meselu/.m2/repository/com/jayway/jsonpath/json-path/2.8.0/json-path-2.8.0.jar:/Users/meselu/.m2/repository/org/slf4j/slf4j-api/2.0.7/slf4j-api-2.0.7.jar:/Users/meselu/.m2/repository/jakarta/xml/bind/jakarta.xml.bind-api/4.0.0/jakarta.xml.bind-api-4.0.0.jar:/Users/meselu/.m2/repository/jakarta/activation/jakarta.activation-api/2.1.2/jakarta.activation-api-2.1.2.jar:/Users/meselu/.m2/repository/net/minidev/json-smart/2.4.11/json-smart-2.4.11.jar:/Users/meselu/.m2/repository/net/minidev/accessors-smart/2.4.11/accessors-smart-2.4.11.jar:/Users/meselu/.m2/repository/org/assertj/assertj-core/3.24.2/assertj-core-3.24.2.jar:/Users/meselu/.m2/repository/net/bytebuddy/byte-buddy/1.14.5/byte-buddy-1.14.5.jar:/Users/meselu/.m2/repository/org/hamcrest/hamcrest/2.2/hamcrest-2.2.jar:/Users/meselu/.m2/repository/org/junit/jupiter/junit-jupiter/5.9.3/junit-jupiter-5.9.3.jar:/Users/meselu/.m2/repository/org/junit/jupiter/junit-jupiter-params/5.9.3/junit-jupiter-params-5.9.3.jar:/Users/meselu/.m2/repository/org/junit/jupiter/junit-jupiter-engine/5.9.3/junit-jupiter-engine-5.9.3.jar:/Users/meselu/.m2/repository/org/junit/platform/junit-platform-engine/1.9.3/junit-platform-engine-1.9.3.jar:/Users/meselu/.m2/repository/org/mockito/mockito-core/5.3.1/mockito-core-5.3.1.jar:/Users/meselu/.m2/repository/net/bytebuddy/byte-buddy-agent/1.14.5/byte-buddy-agent-1.14.5.jar:/Users/meselu/.m2/repository/org/objenesis/objenesis/3.3/objenesis-3.3.jar:/Users/meselu/.m2/repository/org/mockito/mockito-junit-jupiter/5.3.1/mockito-junit-jupiter-5.3.1.jar:/Users/meselu/.m2/repository/org/skyscreamer/jsonassert/1.5.1/jsonassert-1.5.1.jar:/Users/meselu/.m2/repository/com/vaadin/external/google/android-json/0.0.20131108.vaadin1/android-json-0.0.20131108.vaadin1.jar:/Users/meselu/.m2/repository/org/springframework/spring-test/6.0.11/spring-test-6.0.11.jar:/Users/meselu/.m2/repository/org/xmlunit/xmlunit-core/2.9.1/xmlunit-core-2.9.1.jar:/Users/meselu/.m2/repository/org/springframework/boot/spring-boot-starter-web/3.1.2/spring-boot-starter-web-3.1.2.jar:/Users/meselu/.m2/repository/org/springframework/boot/spring-boot-starter-json/3.1.2/spring-boot-starter-json-3.1.2.jar:/Users/meselu/.m2/repository/com/fasterxml/jackson/datatype/jackson-datatype-jdk8/2.15.2/jackson-datatype-jdk8-2.15.2.jar:/Users/meselu/.m2/repository/com/fasterxml/jackson/datatype/jackson-datatype-jsr310/2.15.2/jackson-datatype-jsr310-2.15.2.jar:/Users/meselu/.m2/repository/com/fasterxml/jackson/module/jackson-module-parameter-names/2.15.2/jackson-module-parameter-names-2.15.2.jar:/Users/meselu/.m2/repository/org/springframework/boot/spring-boot-starter-tomcat/3.1.2/spring-boot-starter-tomcat-3.1.2.jar:/Users/meselu/.m2/repository/org/apache/tomcat/embed/tomcat-embed-core/10.1.11/tomcat-embed-core-10.1.11.jar:/Users/meselu/.m2/repository/org/apache/tomcat/embed/tomcat-embed-el/10.1.11/tomcat-embed-el-10.1.11.jar:/Users/meselu/.m2/repository/org/apache/tomcat/embed/tomcat-embed-websocket/10.1.11/tomcat-embed-websocket-10.1.11.jar:/Users/meselu/.m2/repository/org/springframework/spring-web/6.0.11/spring-web-6.0.11.jar:/Users/meselu/.m2/repository/org/springframework/spring-beans/6.0.11/spring-beans-6.0.11.jar:/Users/meselu/.m2/repository/io/micrometer/micrometer-observation/1.11.2/micrometer-observation-1.11.2.jar:/Users/meselu/.m2/repository/io/micrometer/micrometer-commons/1.11.2/micrometer-commons-1.11.2.jar:/Users/meselu/.m2/repository/org/springframework/spring-webmvc/6.0.11/spring-webmvc-6.0.11.jar:/Users/meselu/.m2/repository/org/springframework/spring-aop/6.0.11/spring-aop-6.0.11.jar:/Users/meselu/.m2/repository/org/springframework/spring-expression/6.0.11/spring-expression-6.0.11.jar:"/>
    <property name="sun.cpu.endian" value="little"/>
    <property name="user.home" value="/Users/meselu"/>
    <property name="user.language" value="en"/>
    <property name="java.specification.vendor" value="Oracle Corporation"/>
    <property name="java.version.date" value="2023-04-18"/>
    <property name="java.home" value="/usr/local/Cellar/openjdk/20.0.1/libexec/openjdk.jdk/Contents/Home"/>
    <property name="file.separator" value="/"/>
    <property name="basedir" value="/Users/meselu/Documents/springapplication_demo_newman"/>
    <property name="java.vm.compressedOopsMode" value="Zero based"/>
    <property name="line.separator" value="&#10;"/>
    <property name="java.vm.specification.vendor" value="Oracle Corporation"/>
    <property name="java.specification.name" value="Java Platform API Specification"/>
    <property name="FILE_LOG_CHARSET" value="UTF-8"/>
    <property name="java.awt.headless" value="true"/>
    <property name="apple.awt.application.name" value="ForkedBooter"/>
    <property name="surefire.real.class.path" value="/Users/meselu/Documents/springapplication_demo_newman/target/surefire/surefirebooter-20230818044042186_3.jar"/>
    <property name="sun.management.compiler" value="HotSpot 64-Bit Tiered Compilers"/>
    <property name="ftp.nonProxyHosts" value="local|*.local|169.254/16|*.169.254/16"/>
    <property name="java.runtime.version" value="20.0.1"/>
    <property name="user.name" value="meselu"/>
    <property name="stdout.encoding" value="UTF-8"/>
    <property name="path.separator" value=":"/>
    <property name="os.version" value="13.0"/>
    <property name="java.runtime.name" value="OpenJDK Runtime Environment"/>
    <property name="file.encoding" value="UTF-8"/>
    <property name="java.vm.name" value="OpenJDK 64-Bit Server VM"/>
    <property name="java.vendor.version" value="Homebrew"/>
    <property name="localRepository" value="/Users/meselu/.m2/repository"/>
    <property name="java.vendor.url.bug" value="https://github.com/Homebrew/homebrew-core/issues"/>
    <property name="java.io.tmpdir" value="/var/folders/f1/2kpbxncd2xj77ck5_f36yvtc0000gn/T/"/>
    <property name="java.version" value="20.0.1"/>
    <property name="user.dir" value="/Users/meselu/Documents/springapplication_demo_newman"/>
    <property name="os.arch" value="x86_64"/>
    <property name="java.vm.specification.name" value="Java Virtual Machine Specification"/>
    <property name="PID" value="28987"/>
    <property name="CONSOLE_LOG_CHARSET" value="UTF-8"/>
    <property name="native.encoding" value="UTF-8"/>
    <property name="java.library.path" value="/Users/meselu/Library/Java/Extensions:/Library/Java/Extensions:/Network/Library/Java/Extensions:/System/Library/Java/Extensions:/usr/lib/java:."/>
    <property name="java.vm.info" value="mixed mode, sharing"/>
    <property name="stderr.encoding" value="UTF-8"/>
    <property name="java.vendor" value="Homebrew"/>
    <property name="java.vm.version" value="20.0.1"/>
    <property name="sun.io.unicode.encoding" value="UnicodeBig"/>
    <property name="socksNonProxyHosts" value="local|*.local|169.254/16|*.169.254/16"/>
    <property name="java.class.version" value="64.0"/>
  </properties>
  <testcase name="validate_application_test" classname="com.example.springapplication_demo_newman.ContractVerifierTest" time="0.682">
    <system-out><![CDATA[2023-08-18T04:40:48.199-05:00  INFO 28987 --- [           main] o.s.mock.web.MockServletContext          : Initializing Spring TestDispatcherServlet ''
2023-08-18T04:40:48.200-05:00  INFO 28987 --- [           main] o.s.t.web.servlet.TestDispatcherServlet  : Initializing Servlet ''
2023-08-18T04:40:48.203-05:00  INFO 28987 --- [           main] o.s.t.web.servlet.TestDispatcherServlet  : Completed initialization in 1 ms
]]></system-out>
  </testcase>
</testsuite>